Average temperature for time 0 was 43.22 C.
Median temperature for time 0 was 41.00 C.

Average temperature for time 5 was 61.22 C.
Median temperature for time 5 was 71.00 C.

Average temperature for time 10 was 51.88 C.
Median temperature for time 10 was 55.00 C.

Average temperature for time 15 was 48.77 C.
Median temperature for time 15 was 48.00 C.

Average temperature for time 20 was 57.66 C.
Median temperature for time 20 was 58.00 C.

Average temperature for time 25 was 50.11 C.
Median temperature for time 25 was 54.00 C.

Average temperature for time 30 was 54.77 C.
Median temperature for time 30 was 64.00 C.

Average temperature for time 35 was 62.55 C.
Median temperature for time 35 was 71.00 C.

Average temperature for time 40 was 58.55 C.
Median temperature for time 40 was 59.00 C.

Average temperature for time 45 was 49.00 C.
Median temperature for time 45 was 48.00 C.

Average temperature for time 50 was 56.77 C.
Median temperature for time 50 was 62.00 C.

Average temperature for time 55 was 49.44 C.
Median temperature for time 55 was 52.00 C.

Average temperature for time 60 was 48.33 C.
Median temperature for time 60 was 46.00 C.

Average temperature for time 65 was 52.11 C.
Median temperature for time 65 was 52.00 C.

Average temperature for time 70 was 56.77 C.
Median temperature for time 70 was 65.00 C.

Average temperature for time 75 was 57.66 C.
Median temperature for time 75 was 60.00 C.

Average temperature for time 80 was 53.55 C.
Median temperature for time 80 was 56.00 C.

Average temperature for time 85 was 50.00 C.
Median temperature for time 85 was 48.00 C.

Average temperature for time 90 was 63.33 C.
Median temperature for time 90 was 64.00 C.

Average temperature for time 95 was 55.33 C.
Median temperature for time 95 was 54.00 C.

Average temperature for time 100 was 64.44 C.
Median temperature for time 100 was 68.00 C.

Average temperature for io was 54.57 C.
Median temperature for io was 55.00 C.

Average temperature for shay was 52.38 C.
Median temperature for shay was 48.00 C.

Average temperature for min was 55.90 C.
Median temperature for min was 53.00 C.

Average temperature for yara was 55.71 C.
Median temperature for yara was 58.00 C.

Average temperature for dynamo was 50.85 C.
Median temperature for dynamo was 48.00 C.

Average temperature for tools was 55.33 C.
Median temperature for tools was 55.00 C.

Average temperature for ecegrid was 57.23 C.
Median temperature for ecegrid was 59.00 C.

Average temperature for nano was 57.52 C.
Median temperature for nano was 60.00 C.

Average temperature for got was 51.42 C.
Median temperature for got was 49.00 C.

